host: MAC-03240285
Building DAG of jobs...
Using shell: /bin/bash
Provided cores: 14
Rules claiming more threads will be scaled down.
Job stats:
job      count
-----  -------
all          1
total        1

Select jobs to execute...
Execute 1 jobs...

[Mon Mar  3 17:07:36 2025]
localrule all:
    jobid: 0
    reason: Rules with neither input nor output files are always executed.
    resources: tmpdir=/var/folders/wc/cwdkw_2j08vd3c_wq6wzy68jjjljpb/T

[Mon Mar  3 17:07:36 2025]
Finished job 0.
1 of 1 steps (100%) done
Complete log: .snakemake/log/2025-03-03T170736.578921.snakemake.log
